2023-04-17 16:14:03 [scrapy.utils.log] INFO: Scrapy 2.8.0 started (bot: scrapy_crawler)
2023-04-17 16:14:03 [scrapy.utils.log] INFO: Versions: lxml 4.9.2.0, libxml2 2.9.14, cssselect 1.2.0, parsel 1.7.0, w3lib 2.1.1, Twisted 22.10.0, Python 3.9.10 | packaged by conda-forge | (main, Feb  1 2022, 21:27:43) - [Clang 11.1.0 ], pyOpenSSL 22.0.0 (OpenSSL 1.1.1t  7 Feb 2023), cryptography 36.0.2, Platform macOS-13.2.1-arm64-arm-64bit
2023-04-17 16:14:03 [scrapy.crawler] INFO: Overridden settings:
{'BOT_NAME': 'scrapy_crawler',
 'FEED_EXPORT_ENCODING': 'utf-8',
 'LOG_FILE': 'imdb.log',
 'NEWSPIDER_MODULE': 'scrapy_crawler.spiders',
 'REQUEST_FINGERPRINTER_IMPLEMENTATION': '2.7',
 'ROBOTSTXT_OBEY': True,
 'SPIDER_MODULES': ['scrapy_crawler.spiders'],
 'TWISTED_REACTOR': 'twisted.internet.asyncioreactor.AsyncioSelectorReactor'}
2023-04-17 16:14:03 [asyncio] DEBUG: Using selector: KqueueSelector
2023-04-17 16:14:03 [scrapy.utils.log] DEBUG: Using reactor: twisted.internet.asyncioreactor.AsyncioSelectorReactor
2023-04-17 16:14:03 [scrapy.utils.log] DEBUG: Using asyncio event loop: asyncio.unix_events._UnixSelectorEventLoop
2023-04-17 16:14:03 [scrapy.extensions.telnet] INFO: Telnet Password: 328cc93f01db2efd
2023-04-17 16:14:03 [scrapy.middleware] INFO: Enabled extensions:
['scrapy.extensions.corestats.CoreStats',
 'scrapy.extensions.telnet.TelnetConsole',
 'scrapy.extensions.memusage.MemoryUsage',
 'scrapy.extensions.logstats.LogStats']
2023-04-17 16:14:04 [scrapy.middleware] INFO: Enabled downloader middlewares:
['scrapy.downloadermiddlewares.robotstxt.RobotsTxtMiddleware',
 'scrapy.downloadermiddlewares.httpauth.HttpAuthMiddleware',
 'scrapy.downloadermiddlewares.downloadtimeout.DownloadTimeoutMiddleware',
 'scrapy.downloadermiddlewares.defaultheaders.DefaultHeadersMiddleware',
 'scrapy.downloadermiddlewares.useragent.UserAgentMiddleware',
 'scrapy.downloadermiddlewares.retry.RetryMiddleware',
 'scrapy.downloadermiddlewares.redirect.MetaRefreshMiddleware',
 'scrapy.downloadermiddlewares.httpcompression.HttpCompressionMiddleware',
 'scrapy.downloadermiddlewares.redirect.RedirectMiddleware',
 'scrapy.downloadermiddlewares.cookies.CookiesMiddleware',
 'scrapy.downloadermiddlewares.httpproxy.HttpProxyMiddleware',
 'scrapy.downloadermiddlewares.stats.DownloaderStats']
2023-04-17 16:14:04 [scrapy.middleware] INFO: Enabled spider middlewares:
['scrapy.spidermiddlewares.httperror.HttpErrorMiddleware',
 'scrapy.spidermiddlewares.offsite.OffsiteMiddleware',
 'scrapy.spidermiddlewares.referer.RefererMiddleware',
 'scrapy.spidermiddlewares.urllength.UrlLengthMiddleware',
 'scrapy.spidermiddlewares.depth.DepthMiddleware']
2023-04-17 16:14:04 [scrapy.middleware] INFO: Enabled item pipelines:
[]
2023-04-17 16:14:04 [scrapy.core.engine] INFO: Spider opened
2023-04-17 16:14:04 [scrapy.extensions.logstats] INFO: Crawled 0 pages (at 0 pages/min), scraped 0 items (at 0 items/min)
2023-04-17 16:14:04 [scrapy.extensions.telnet] INFO: Telnet console listening on 127.0.0.1:6023
2023-04-17 16:14:04 [scrapy.downloadermiddlewares.robotstxt] ERROR: Error downloading <GET https://www.imdb.com/robots.txt>: Cannot allocate write+execute memory for ffi.callback(). You might be running on a system that prevents this. For more information, see https://cffi.readthedocs.io/en/latest/using.html#callbacks
Traceback (most recent call last):
  File "/Users/amanrangapur/miniforge3/lib/python3.9/site-packages/twisted/internet/defer.py", line 1693, in _inlineCallbacks
    result = context.run(
  File "/Users/amanrangapur/miniforge3/lib/python3.9/site-packages/twisted/python/failure.py", line 518, in throwExceptionIntoGenerator
    return g.throw(self.type, self.value, self.tb)
  File "/Users/amanrangapur/miniforge3/lib/python3.9/site-packages/scrapy/core/downloader/middleware.py", line 52, in process_request
    return (yield download_func(request=request, spider=spider))
  File "/Users/amanrangapur/miniforge3/lib/python3.9/site-packages/scrapy/utils/defer.py", line 73, in mustbe_deferred
    result = f(*args, **kw)
  File "/Users/amanrangapur/miniforge3/lib/python3.9/site-packages/scrapy/core/downloader/handlers/__init__.py", line 79, in download_request
    return handler.download_request(request, spider)
  File "/Users/amanrangapur/miniforge3/lib/python3.9/site-packages/scrapy/core/downloader/handlers/http11.py", line 72, in download_request
    return agent.download_request(request)
  File "/Users/amanrangapur/miniforge3/lib/python3.9/site-packages/scrapy/core/downloader/handlers/http11.py", line 376, in download_request
    d = agent.request(
  File "/Users/amanrangapur/miniforge3/lib/python3.9/site-packages/twisted/web/client.py", line 1148, in request
    endpoint = self._getEndpoint(parsedURI)
  File "/Users/amanrangapur/miniforge3/lib/python3.9/site-packages/twisted/web/client.py", line 1132, in _getEndpoint
    return self._endpointFactory.endpointForURI(uri)
  File "/Users/amanrangapur/miniforge3/lib/python3.9/site-packages/twisted/web/client.py", line 1003, in endpointForURI
    connectionCreator = self._policyForHTTPS.creatorForNetloc(
  File "/Users/amanrangapur/miniforge3/lib/python3.9/site-packages/scrapy/core/downloader/contextfactory.py", line 91, in creatorForNetloc
    return ScrapyClientTLSOptions(
  File "/Users/amanrangapur/miniforge3/lib/python3.9/site-packages/scrapy/core/downloader/tls.py", line 43, in __init__
    super().__init__(hostname, ctx)
  File "/Users/amanrangapur/miniforge3/lib/python3.9/site-packages/twisted/internet/_sslverify.py", line 1128, in __init__
    ctx.set_info_callback(_tolerateErrors(self._identityVerifyingInfoCallback))
  File "/Users/amanrangapur/miniforge3/lib/python3.9/site-packages/OpenSSL/SSL.py", line 1331, in set_info_callback
    self._info_callback = _ffi.callback(
MemoryError: Cannot allocate write+execute memory for ffi.callback(). You might be running on a system that prevents this. For more information, see https://cffi.readthedocs.io/en/latest/using.html#callbacks
2023-04-17 16:14:04 [scrapy.core.scraper] ERROR: Error downloading <GET https://www.imdb.com/>
MemoryError: Cannot allocate write+execute memory for ffi.callback(). You might be running on a system that prevents this. For more information, see https://cffi.readthedocs.io/en/latest/using.html#callbacks

During handling of the above exception, another exception occurred:

Traceback (most recent call last):
  File "/Users/amanrangapur/miniforge3/lib/python3.9/site-packages/twisted/internet/defer.py", line 1693, in _inlineCallbacks
    result = context.run(
  File "/Users/amanrangapur/miniforge3/lib/python3.9/site-packages/twisted/python/failure.py", line 518, in throwExceptionIntoGenerator
    return g.throw(self.type, self.value, self.tb)
  File "/Users/amanrangapur/miniforge3/lib/python3.9/site-packages/scrapy/core/downloader/middleware.py", line 52, in process_request
    return (yield download_func(request=request, spider=spider))
  File "/Users/amanrangapur/miniforge3/lib/python3.9/site-packages/scrapy/utils/defer.py", line 73, in mustbe_deferred
    result = f(*args, **kw)
  File "/Users/amanrangapur/miniforge3/lib/python3.9/site-packages/scrapy/core/downloader/handlers/__init__.py", line 79, in download_request
    return handler.download_request(request, spider)
  File "/Users/amanrangapur/miniforge3/lib/python3.9/site-packages/scrapy/core/downloader/handlers/http11.py", line 72, in download_request
    return agent.download_request(request)
  File "/Users/amanrangapur/miniforge3/lib/python3.9/site-packages/scrapy/core/downloader/handlers/http11.py", line 376, in download_request
    d = agent.request(
  File "/Users/amanrangapur/miniforge3/lib/python3.9/site-packages/twisted/web/client.py", line 1148, in request
    endpoint = self._getEndpoint(parsedURI)
  File "/Users/amanrangapur/miniforge3/lib/python3.9/site-packages/twisted/web/client.py", line 1132, in _getEndpoint
    return self._endpointFactory.endpointForURI(uri)
  File "/Users/amanrangapur/miniforge3/lib/python3.9/site-packages/twisted/web/client.py", line 1003, in endpointForURI
    connectionCreator = self._policyForHTTPS.creatorForNetloc(
  File "/Users/amanrangapur/miniforge3/lib/python3.9/site-packages/scrapy/core/downloader/contextfactory.py", line 91, in creatorForNetloc
    return ScrapyClientTLSOptions(
  File "/Users/amanrangapur/miniforge3/lib/python3.9/site-packages/scrapy/core/downloader/tls.py", line 43, in __init__
    super().__init__(hostname, ctx)
  File "/Users/amanrangapur/miniforge3/lib/python3.9/site-packages/twisted/internet/_sslverify.py", line 1128, in __init__
    ctx.set_info_callback(_tolerateErrors(self._identityVerifyingInfoCallback))
  File "/Users/amanrangapur/miniforge3/lib/python3.9/site-packages/OpenSSL/SSL.py", line 1331, in set_info_callback
    self._info_callback = _ffi.callback(
MemoryError: Cannot allocate write+execute memory for ffi.callback(). You might be running on a system that prevents this. For more information, see https://cffi.readthedocs.io/en/latest/using.html#callbacks
2023-04-17 16:14:04 [scrapy.core.engine] INFO: Closing spider (finished)
2023-04-17 16:14:04 [scrapy.statscollectors] INFO: Dumping Scrapy stats:
{'downloader/exception_count': 2,
 'downloader/exception_type_count/builtins.MemoryError': 2,
 'downloader/request_bytes': 442,
 'downloader/request_count': 2,
 'downloader/request_method_count/GET': 2,
 'elapsed_time_seconds': 0.440219,
 'finish_reason': 'finished',
 'finish_time': datetime.datetime(2023, 4, 17, 21, 14, 4, 547263),
 'log_count/DEBUG': 3,
 'log_count/ERROR': 2,
 'log_count/INFO': 10,
 'memusage/max': 78184448,
 'memusage/startup': 78184448,
 "robotstxt/exception_count/<class 'MemoryError'>": 1,
 'robotstxt/request_count': 1,
 'scheduler/dequeued': 1,
 'scheduler/dequeued/memory': 1,
 'scheduler/enqueued': 1,
 'scheduler/enqueued/memory': 1,
 'start_time': datetime.datetime(2023, 4, 17, 21, 14, 4, 107044)}
2023-04-17 16:14:04 [scrapy.core.engine] INFO: Spider closed (finished)
2023-04-17 16:14:22 [scrapy.utils.log] INFO: Scrapy 2.8.0 started (bot: scrapy_crawler)
2023-04-17 16:14:22 [scrapy.utils.log] INFO: Versions: lxml 4.9.2.0, libxml2 2.9.14, cssselect 1.2.0, parsel 1.7.0, w3lib 2.1.1, Twisted 22.10.0, Python 3.9.10 | packaged by conda-forge | (main, Feb  1 2022, 21:27:43) - [Clang 11.1.0 ], pyOpenSSL 22.0.0 (OpenSSL 1.1.1t  7 Feb 2023), cryptography 36.0.2, Platform macOS-13.2.1-arm64-arm-64bit
2023-04-17 16:14:22 [scrapy.crawler] INFO: Overridden settings:
{'BOT_NAME': 'scrapy_crawler',
 'FEED_EXPORT_ENCODING': 'utf-8',
 'LOG_FILE': 'imdb.log',
 'NEWSPIDER_MODULE': 'scrapy_crawler.spiders',
 'REQUEST_FINGERPRINTER_IMPLEMENTATION': '2.7',
 'ROBOTSTXT_OBEY': True,
 'SPIDER_MODULES': ['scrapy_crawler.spiders'],
 'TWISTED_REACTOR': 'twisted.internet.asyncioreactor.AsyncioSelectorReactor'}
2023-04-17 16:14:22 [asyncio] DEBUG: Using selector: KqueueSelector
2023-04-17 16:14:22 [scrapy.utils.log] DEBUG: Using reactor: twisted.internet.asyncioreactor.AsyncioSelectorReactor
2023-04-17 16:14:22 [scrapy.utils.log] DEBUG: Using asyncio event loop: asyncio.unix_events._UnixSelectorEventLoop
2023-04-17 16:14:22 [scrapy.extensions.telnet] INFO: Telnet Password: 52d9714c65057d7c
2023-04-17 16:14:22 [scrapy.middleware] INFO: Enabled extensions:
['scrapy.extensions.corestats.CoreStats',
 'scrapy.extensions.telnet.TelnetConsole',
 'scrapy.extensions.memusage.MemoryUsage',
 'scrapy.extensions.feedexport.FeedExporter',
 'scrapy.extensions.logstats.LogStats']
2023-04-17 16:14:22 [scrapy.middleware] INFO: Enabled downloader middlewares:
['scrapy.downloadermiddlewares.robotstxt.RobotsTxtMiddleware',
 'scrapy.downloadermiddlewares.httpauth.HttpAuthMiddleware',
 'scrapy.downloadermiddlewares.downloadtimeout.DownloadTimeoutMiddleware',
 'scrapy.downloadermiddlewares.defaultheaders.DefaultHeadersMiddleware',
 'scrapy.downloadermiddlewares.useragent.UserAgentMiddleware',
 'scrapy.downloadermiddlewares.retry.RetryMiddleware',
 'scrapy.downloadermiddlewares.redirect.MetaRefreshMiddleware',
 'scrapy.downloadermiddlewares.httpcompression.HttpCompressionMiddleware',
 'scrapy.downloadermiddlewares.redirect.RedirectMiddleware',
 'scrapy.downloadermiddlewares.cookies.CookiesMiddleware',
 'scrapy.downloadermiddlewares.httpproxy.HttpProxyMiddleware',
 'scrapy.downloadermiddlewares.stats.DownloaderStats']
2023-04-17 16:14:22 [scrapy.middleware] INFO: Enabled spider middlewares:
['scrapy.spidermiddlewares.httperror.HttpErrorMiddleware',
 'scrapy.spidermiddlewares.offsite.OffsiteMiddleware',
 'scrapy.spidermiddlewares.referer.RefererMiddleware',
 'scrapy.spidermiddlewares.urllength.UrlLengthMiddleware',
 'scrapy.spidermiddlewares.depth.DepthMiddleware']
2023-04-17 16:14:22 [scrapy.middleware] INFO: Enabled item pipelines:
[]
2023-04-17 16:14:22 [scrapy.core.engine] INFO: Spider opened
2023-04-17 16:14:22 [scrapy.extensions.logstats] INFO: Crawled 0 pages (at 0 pages/min), scraped 0 items (at 0 items/min)
2023-04-17 16:14:22 [scrapy.extensions.telnet] INFO: Telnet console listening on 127.0.0.1:6023
2023-04-17 16:14:22 [scrapy.downloadermiddlewares.robotstxt] ERROR: Error downloading <GET https://www.imdb.com/robots.txt>: Cannot allocate write+execute memory for ffi.callback(). You might be running on a system that prevents this. For more information, see https://cffi.readthedocs.io/en/latest/using.html#callbacks
Traceback (most recent call last):
  File "/Users/amanrangapur/miniforge3/lib/python3.9/site-packages/twisted/internet/defer.py", line 1693, in _inlineCallbacks
    result = context.run(
  File "/Users/amanrangapur/miniforge3/lib/python3.9/site-packages/twisted/python/failure.py", line 518, in throwExceptionIntoGenerator
    return g.throw(self.type, self.value, self.tb)
  File "/Users/amanrangapur/miniforge3/lib/python3.9/site-packages/scrapy/core/downloader/middleware.py", line 52, in process_request
    return (yield download_func(request=request, spider=spider))
  File "/Users/amanrangapur/miniforge3/lib/python3.9/site-packages/scrapy/utils/defer.py", line 73, in mustbe_deferred
    result = f(*args, **kw)
  File "/Users/amanrangapur/miniforge3/lib/python3.9/site-packages/scrapy/core/downloader/handlers/__init__.py", line 79, in download_request
    return handler.download_request(request, spider)
  File "/Users/amanrangapur/miniforge3/lib/python3.9/site-packages/scrapy/core/downloader/handlers/http11.py", line 72, in download_request
    return agent.download_request(request)
  File "/Users/amanrangapur/miniforge3/lib/python3.9/site-packages/scrapy/core/downloader/handlers/http11.py", line 376, in download_request
    d = agent.request(
  File "/Users/amanrangapur/miniforge3/lib/python3.9/site-packages/twisted/web/client.py", line 1148, in request
    endpoint = self._getEndpoint(parsedURI)
  File "/Users/amanrangapur/miniforge3/lib/python3.9/site-packages/twisted/web/client.py", line 1132, in _getEndpoint
    return self._endpointFactory.endpointForURI(uri)
  File "/Users/amanrangapur/miniforge3/lib/python3.9/site-packages/twisted/web/client.py", line 1003, in endpointForURI
    connectionCreator = self._policyForHTTPS.creatorForNetloc(
  File "/Users/amanrangapur/miniforge3/lib/python3.9/site-packages/scrapy/core/downloader/contextfactory.py", line 91, in creatorForNetloc
    return ScrapyClientTLSOptions(
  File "/Users/amanrangapur/miniforge3/lib/python3.9/site-packages/scrapy/core/downloader/tls.py", line 43, in __init__
    super().__init__(hostname, ctx)
  File "/Users/amanrangapur/miniforge3/lib/python3.9/site-packages/twisted/internet/_sslverify.py", line 1128, in __init__
    ctx.set_info_callback(_tolerateErrors(self._identityVerifyingInfoCallback))
  File "/Users/amanrangapur/miniforge3/lib/python3.9/site-packages/OpenSSL/SSL.py", line 1331, in set_info_callback
    self._info_callback = _ffi.callback(
MemoryError: Cannot allocate write+execute memory for ffi.callback(). You might be running on a system that prevents this. For more information, see https://cffi.readthedocs.io/en/latest/using.html#callbacks
2023-04-17 16:14:22 [scrapy.core.scraper] ERROR: Error downloading <GET https://www.imdb.com/>
MemoryError: Cannot allocate write+execute memory for ffi.callback(). You might be running on a system that prevents this. For more information, see https://cffi.readthedocs.io/en/latest/using.html#callbacks

During handling of the above exception, another exception occurred:

Traceback (most recent call last):
  File "/Users/amanrangapur/miniforge3/lib/python3.9/site-packages/twisted/internet/defer.py", line 1693, in _inlineCallbacks
    result = context.run(
  File "/Users/amanrangapur/miniforge3/lib/python3.9/site-packages/twisted/python/failure.py", line 518, in throwExceptionIntoGenerator
    return g.throw(self.type, self.value, self.tb)
  File "/Users/amanrangapur/miniforge3/lib/python3.9/site-packages/scrapy/core/downloader/middleware.py", line 52, in process_request
    return (yield download_func(request=request, spider=spider))
  File "/Users/amanrangapur/miniforge3/lib/python3.9/site-packages/scrapy/utils/defer.py", line 73, in mustbe_deferred
    result = f(*args, **kw)
  File "/Users/amanrangapur/miniforge3/lib/python3.9/site-packages/scrapy/core/downloader/handlers/__init__.py", line 79, in download_request
    return handler.download_request(request, spider)
  File "/Users/amanrangapur/miniforge3/lib/python3.9/site-packages/scrapy/core/downloader/handlers/http11.py", line 72, in download_request
    return agent.download_request(request)
  File "/Users/amanrangapur/miniforge3/lib/python3.9/site-packages/scrapy/core/downloader/handlers/http11.py", line 376, in download_request
    d = agent.request(
  File "/Users/amanrangapur/miniforge3/lib/python3.9/site-packages/twisted/web/client.py", line 1148, in request
    endpoint = self._getEndpoint(parsedURI)
  File "/Users/amanrangapur/miniforge3/lib/python3.9/site-packages/twisted/web/client.py", line 1132, in _getEndpoint
    return self._endpointFactory.endpointForURI(uri)
  File "/Users/amanrangapur/miniforge3/lib/python3.9/site-packages/twisted/web/client.py", line 1003, in endpointForURI
    connectionCreator = self._policyForHTTPS.creatorForNetloc(
  File "/Users/amanrangapur/miniforge3/lib/python3.9/site-packages/scrapy/core/downloader/contextfactory.py", line 91, in creatorForNetloc
    return ScrapyClientTLSOptions(
  File "/Users/amanrangapur/miniforge3/lib/python3.9/site-packages/scrapy/core/downloader/tls.py", line 43, in __init__
    super().__init__(hostname, ctx)
  File "/Users/amanrangapur/miniforge3/lib/python3.9/site-packages/twisted/internet/_sslverify.py", line 1128, in __init__
    ctx.set_info_callback(_tolerateErrors(self._identityVerifyingInfoCallback))
  File "/Users/amanrangapur/miniforge3/lib/python3.9/site-packages/OpenSSL/SSL.py", line 1331, in set_info_callback
    self._info_callback = _ffi.callback(
MemoryError: Cannot allocate write+execute memory for ffi.callback(). You might be running on a system that prevents this. For more information, see https://cffi.readthedocs.io/en/latest/using.html#callbacks
2023-04-17 16:14:22 [scrapy.core.engine] INFO: Closing spider (finished)
2023-04-17 16:14:22 [scrapy.statscollectors] INFO: Dumping Scrapy stats:
{'downloader/exception_count': 2,
 'downloader/exception_type_count/builtins.MemoryError': 2,
 'downloader/request_bytes': 442,
 'downloader/request_count': 2,
 'downloader/request_method_count/GET': 2,
 'elapsed_time_seconds': 0.437995,
 'finish_reason': 'finished',
 'finish_time': datetime.datetime(2023, 4, 17, 21, 14, 22, 841520),
 'log_count/DEBUG': 3,
 'log_count/ERROR': 2,
 'log_count/INFO': 10,
 'memusage/max': 78069760,
 'memusage/startup': 78069760,
 "robotstxt/exception_count/<class 'MemoryError'>": 1,
 'robotstxt/request_count': 1,
 'scheduler/dequeued': 1,
 'scheduler/dequeued/memory': 1,
 'scheduler/enqueued': 1,
 'scheduler/enqueued/memory': 1,
 'start_time': datetime.datetime(2023, 4, 17, 21, 14, 22, 403525)}
2023-04-17 16:14:22 [scrapy.core.engine] INFO: Spider closed (finished)
